#
# There is insufficient memory for the Java Runtime Environment to continue.
# Native memory allocation (malloc) failed to allocate 1181776 bytes for Chunk::new
# Possible reasons:
#   The system is out of physical RAM or swap space
#   The process is running with CompressedOops enabled, and the Java Heap may be blocking the growth of the native heap
# Possible solutions:
#   Reduce memory load on the system
#   Increase physical memory or swap space
#   Check if swap backing store is full
#   Decrease Java heap size (-Xmx/-Xms)
#   Decrease number of Java threads
#   Decrease Java thread stack sizes (-Xss)
#   Set larger code cache with -XX:ReservedCodeCacheSize=
#   JVM is running with Unscaled Compressed Oops mode in which the Java heap is
#     placed in the first 4GB address space. The Java Heap base address is the
#     maximum limit for the native heap growth. Please use -XX:HeapBaseMinAddress
#     to set the Java Heap base and to place the Java Heap above 4GB virtual address.
# This output file may be truncated or incomplete.
#
#  Out of Memory Error (allocation.cpp:389), pid=8900, tid=0x0000000000003808
#
# JRE version: OpenJDK Runtime Environment (8.0_212-b04) (build 1.8.0_212-release-1586-b04)
# Java VM: OpenJDK 64-Bit Server VM (25.212-b04 mixed mode windows-amd64 compressed oops)
# Failed to write core dump. Minidumps are not enabled by default on client versions of Windows
#

---------------  T H R E A D  ---------------

Current thread (0x0000000017c46800):  JavaThread "C2 CompilerThread1" daemon [_thread_in_native, id=14344, stack(0x00000000192a0000,0x00000000193a0000)]

Stack: [0x00000000192a0000,0x00000000193a0000]
[error occurred during error reporting (printing stack bounds), id 0xc0000005]

Native frames: (J=compiled Java code, j=interpreted, Vv=VM code, C=native code)


Current CompileTask:
C2:5365952 18897       4       com.android.tools.r8.graph.Y::collectIndexedItems (64 bytes)


---------------  P R O C E S S  ---------------

Java Threads: ( => current thread )
  0x000000001dd79800 JavaThread "ForkJoinPool-9-worker-12" daemon [_thread_blocked, id=8244, stack(0x0000000031000000,0x0000000031100000)]
  0x000000001dd79000 JavaThread "ForkJoinPool-9-worker-3" daemon [_thread_blocked, id=10156, stack(0x0000000030940000,0x0000000030a40000)]
  0x000000001dd76000 JavaThread "ForkJoinPool-9-worker-10" daemon [_thread_blocked, id=10088, stack(0x0000000030840000,0x0000000030940000)]
  0x000000001dd74800 JavaThread "ForkJoinPool-9-worker-1" daemon [_thread_blocked, id=12748, stack(0x000000002e010000,0x000000002e110000)]
  0x000000001dd7a800 JavaThread "ForkJoinPool-9-worker-8" daemon [_thread_blocked, id=15416, stack(0x000000002de10000,0x000000002df10000)]
  0x000000001dd6d000 JavaThread "ForkJoinPool-9-worker-15" daemon [_thread_blocked, id=2652, stack(0x000000002c740000,0x000000002c840000)]
  0x000000001dd73800 JavaThread "ForkJoinPool-9-worker-6" daemon [_thread_blocked, id=11856, stack(0x000000002c540000,0x000000002c640000)]
  0x000000001dd6c000 JavaThread "ForkJoinPool-9-worker-13" daemon [_thread_blocked, id=17656, stack(0x000000002bc10000,0x000000002bd10000)]
  0x000000001dd70000 JavaThread "ForkJoinPool-9-worker-4" daemon [_thread_blocked, id=13184, stack(0x000000002b010000,0x000000002b110000)]
  0x000000001dd6d800 JavaThread "ForkJoinPool-9-worker-11" daemon [_thread_blocked, id=14084, stack(0x000000002ad10000,0x000000002ae10000)]
  0x000000001dd6e800 JavaThread "ForkJoinPool-9-worker-2" daemon [_thread_blocked, id=10640, stack(0x000000002ac10000,0x000000002ad10000)]
  0x000000001dd73000 JavaThread "ForkJoinPool-9-worker-9" daemon [_thread_blocked, id=15760, stack(0x000000002aa10000,0x000000002ab10000)]
  0x000000001dd70800 JavaThread "ForkJoinPool.commonPool-worker-9" daemon [_thread_blocked, id=2332, stack(0x0000000030d40000,0x0000000030e40000)]
  0x000000001dd6f000 JavaThread "ForkJoinPool.commonPool-worker-0" daemon [_thread_blocked, id=17060, stack(0x0000000030c40000,0x0000000030d40000)]
  0x000000001dd71800 JavaThread "ForkJoinPool.commonPool-worker-7" daemon [_thread_blocked, id=7572, stack(0x0000000030b40000,0x0000000030c40000)]
  0x000000001dd6b000 JavaThread "ForkJoinPool.commonPool-worker-14" daemon [_thread_blocked, id=7872, stack(0x0000000030a40000,0x0000000030b40000)]
  0x000000001dd72000 JavaThread "ForkJoinPool.commonPool-worker-3" daemon [_thread_blocked, id=17880, stack(0x0000000030740000,0x0000000030840000)]
  0x000000001bd77800 JavaThread "ForkJoinPool.commonPool-worker-10" daemon [_thread_blocked, id=17960, stack(0x000000002f620000,0x000000002f720000)]
  0x000000001bb87800 JavaThread "ForkJoinPool.commonPool-worker-1" daemon [_thread_blocked, id=10276, stack(0x000000002f520000,0x000000002f620000)]
  0x000000001f30c800 JavaThread "ForkJoinPool.commonPool-worker-8" daemon [_thread_blocked, id=4016, stack(0x000000002f420000,0x000000002f520000)]
  0x000000001f30c000 JavaThread "ForkJoinPool.commonPool-worker-15" daemon [_thread_blocked, id=1612, stack(0x000000002f0e0000,0x000000002f1e0000)]
  0x000000001f30a800 JavaThread "WorkerExecutor Queue Thread 13" [_thread_in_Java, id=17128, stack(0x000000002df10000,0x000000002e010000)]
  0x000000001f309800 JavaThread "WorkerExecutor Queue Thread 11" [_thread_in_native, id=4264, stack(0x000000002af10000,0x000000002b010000)]
  0x000000001f309000 JavaThread "Cache worker for Java compile cache (C:\Users\agraw\OneDrive\Desktop\ECE445\Pollution_Mapping_App\.gradle\5.6.4\javaCompile)" [_thread_blocked, id=13296, stack(0x000000002c940000,0x000000002ca40000)]
  0x000000001f308000 JavaThread "Cache worker for Java compile cache (C:\Users\agraw\.gradle\caches\5.6.4\javaCompile)" [_thread_blocked, id=17080, stack(0x000000002c840000,0x000000002c940000)]
  0x000000001f307800 JavaThread "RMI TCP Connection(21)-127.0.0.1" daemon [_thread_in_native, id=8072, stack(0x000000002c640000,0x000000002c740000)]
  0x000000001f306000 JavaThread "stdout" [_thread_in_native, id=16896, stack(0x000000002c240000,0x000000002c340000)]
  0x000000001f305000 JavaThread "stderr" [_thread_in_native, id=4916, stack(0x000000002c140000,0x000000002c240000)]
  0x000000001f2fd800 JavaThread "stdout" [_thread_in_native, id=13916, stack(0x000000002c040000,0x000000002c140000)]
  0x000000001f304800 JavaThread "stderr" [_thread_in_native, id=16400, stack(0x000000002bf40000,0x000000002c040000)]
  0x000000001f2fe800 JavaThread "stdout" [_thread_in_native, id=17532, stack(0x000000002be40000,0x000000002bf40000)]
  0x000000001f300800 JavaThread "stderr" [_thread_in_native, id=10296, stack(0x000000002bd40000,0x000000002be40000)]
  0x000000001f303800 JavaThread "stdout" [_thread_in_native, id=11416, stack(0x000000002bb10000,0x000000002bc10000)]
  0x000000001f300000 JavaThread "stderr" [_thread_in_native, id=3384, stack(0x000000002ba10000,0x000000002bb10000)]
  0x000000001b74b000 JavaThread "stdout" [_thread_in_native, id=10336, stack(0x000000002b910000,0x000000002ba10000)]
  0x000000001b748800 JavaThread "stderr" [_thread_in_native, id=16620, stack(0x000000002b810000,0x000000002b910000)]
  0x000000001b748000 JavaThread "stdout" [_thread_in_native, id=17160, stack(0x000000002b710000,0x000000002b810000)]
  0x000000001de76800 JavaThread "stderr" [_thread_in_native, id=3264, stack(0x000000002b610000,0x000000002b710000)]
  0x000000001de79000 JavaThread "stdout" [_thread_in_native, id=7740, stack(0x000000002b510000,0x000000002b610000)]
  0x000000001de75000 JavaThread "stderr" [_thread_in_native, id=3188, stack(0x000000002b410000,0x000000002b510000)]
  0x000000001de7a000 JavaThread "stdout" [_thread_in_native, id=13332, stack(0x000000002b310000,0x000000002b410000)]
  0x000000001de74800 JavaThread "stderr" [_thread_in_native, id=3320, stack(0x000000002b210000,0x000000002b310000)]
  0x000000001de78800 JavaThread "pool-8-thread-1" [_thread_blocked, id=17964, stack(0x000000002b110000,0x000000002b210000)]
  0x000000001bd77000 JavaThread "WorkerExecutor Queue Thread 6" [_thread_blocked, id=17112, stack(0x000000002ae10000,0x000000002af10000)]
  0x000000001bd7b800 JavaThread "WorkerExecutor Queue Thread 3" [_thread_blocked, id=10492, stack(0x000000002ab10000,0x000000002ac10000)]
  0x000000001bd6f800 JavaThread "WorkerExecutor Queue" [_thread_in_Java, id=2852, stack(0x000000002a910000,0x000000002aa10000)]
  0x000000001bb84800 JavaThread "Cache worker for execution history cache (C:\Users\agraw\OneDrive\Desktop\ECE445\Pollution_Mapping_App\.gradle\5.6.4\executionHistory)" [_thread_blocked, id=11200, stack(0x0000000029d90000,0x0000000029e90000)]
  0x000000001bb88000 JavaThread "Execution worker for ':' Thread 11" [_thread_blocked, id=8220, stack(0x0000000029c90000,0x0000000029d90000)]
  0x000000001bb7d000 JavaThread "Execution worker for ':' Thread 10" [_thread_blocked, id=17056, stack(0x0000000029b90000,0x0000000029c90000)]
  0x000000001bb83800 JavaThread "Execution worker for ':' Thread 9" [_thread_blocked, id=10976, stack(0x0000000029a90000,0x0000000029b90000)]
  0x000000001bb81800 JavaThread "Execution worker for ':' Thread 8" [_thread_blocked, id=3980, stack(0x0000000029990000,0x0000000029a90000)]
  0x000000001bb83000 JavaThread "Execution worker for ':' Thread 7" [_thread_blocked, id=16580, stack(0x0000000029890000,0x0000000029990000)]
  0x000000001bb7b800 JavaThread "Execution worker for ':' Thread 6" [_thread_blocked, id=16660, stack(0x0000000029790000,0x0000000029890000)]
  0x000000001bb79000 JavaThread "Execution worker for ':' Thread 5" [_thread_blocked, id=17884, stack(0x0000000029690000,0x0000000029790000)]
  0x000000001bb7f000 JavaThread "Execution worker for ':' Thread 4" [_thread_blocked, id=16696, stack(0x0000000029310000,0x0000000029410000)]
  0x000000001bb7d800 JavaThread "Execution worker for ':' Thread 3" [_thread_blocked, id=17444, stack(0x0000000028d10000,0x0000000028e10000)]
  0x000000001bb7e800 JavaThread "Execution worker for ':' Thread 2" [_thread_blocked, id=4564, stack(0x0000000028910000,0x0000000028a10000)]
  0x000000001f74d000 JavaThread "Execution worker for ':'" [_thread_blocked, id=2624, stack(0x0000000028110000,0x0000000028210000)]
  0x000000001f74c000 JavaThread "Cache worker for file content cache (C:\Users\agraw\OneDrive\Desktop\ECE445\Pollution_Mapping_App\.gradle\5.6.4\fileContent)" [_thread_blocked, id=18208, stack(0x0000000027e10000,0x0000000027f10000)]
  0x000000001f74a800 JavaThread "Cache worker for Build Output Cleanup Cache (C:\Users\agraw\OneDrive\Desktop\ECE445\Pollution_Mapping_App\.gradle\buildOutputCleanup)" [_thread_blocked, id=3804, stack(0x0000000027d10000,0x0000000027e10000)]
  0x000000001f74e800 JavaThread "Build operations Thread 12" [_thread_blocked, id=2552, stack(0x0000000027c10000,0x0000000027d10000)]
  0x000000001f74d800 JavaThread "Build operations Thread 11" [_thread_blocked, id=17072, stack(0x0000000027b10000,0x0000000027c10000)]
  0x000000001f74f000 JavaThread "Build operations Thread 10" [_thread_blocked, id=17952, stack(0x0000000027a10000,0x0000000027b10000)]
  0x000000001f743000 JavaThread "Build operations Thread 9" [_thread_blocked, id=9244, stack(0x0000000026500000,0x0000000026600000)]
  0x000000001f74a000 JavaThread "Build operations Thread 8" [_thread_blocked, id=9536, stack(0x0000000025340000,0x0000000025440000)]
  0x000000001f742800 JavaThread "Build operations Thread 7" [_thread_blocked, id=6352, stack(0x0000000024e40000,0x0000000024f40000)]
  0x000000001f749000 JavaThread "Build operations Thread 6" [_thread_blocked, id=13148, stack(0x0000000023f20000,0x0000000024020000)]
  0x000000001f741800 JavaThread "Build operations Thread 5" [_thread_blocked, id=14656, stack(0x0000000023820000,0x0000000023920000)]
  0x000000001f746000 JavaThread "Build operations Thread 4" [_thread_blocked, id=4804, stack(0x0000000023720000,0x0000000023820000)]
  0x000000001f748800 JavaThread "Build operations Thread 3" [_thread_blocked, id=3480, stack(0x0000000023620000,0x0000000023720000)]
  0x000000001f744000 JavaThread "Build operations Thread 2" [_thread_blocked, id=13128, stack(0x0000000023520000,0x0000000023620000)]
  0x000000001f740000 JavaThread "Build operations" [_thread_blocked, id=18084, stack(0x0000000023420000,0x0000000023520000)]
  0x000000001f747000 JavaThread "Cache worker for cache directory md-rule (C:\Users\agraw\.gradle\caches\5.6.4\md-rule)" [_thread_blocked, id=18072, stack(0x00000000220a0000,0x00000000221a0000)]
  0x000000001a5c7000 JavaThread "Cache worker for cache directory md-supplier (C:\Users\agraw\.gradle\caches\5.6.4\md-supplier)" [_thread_blocked, id=16836, stack(0x000000001fd00000,0x000000001fe00000)]
  0x000000001a5c8800 JavaThread "Cache worker for file hash cache (C:\Users\agraw\OneDrive\Desktop\ECE445\Pollution_Mapping_App\.gradle\5.6.4\fileHashes)" [_thread_blocked, id=3276, stack(0x00000000218a0000,0x00000000219a0000)]
  0x000000001a5c9000 JavaThread "Thread-133" [_thread_blocked, id=16672, stack(0x000000001f960000,0x000000001fa60000)]
  0x000000001a5c5800 JavaThread "Stdin handler" [_thread_blocked, id=16640, stack(0x000000001d1c0000,0x000000001d2c0000)]
  0x000000001a5ca800 JavaThread "Asynchronous log dispatcher for DefaultDaemonConnection: socket connection from /127.0.0.1:60022 to /127.0.0.1:61477" [_thread_blocked, id=12808, stack(0x000000001d0c0000,0x000000001d1c0000)]
  0x000000001a5ca000 JavaThread "Daemon worker Thread 4" [_thread_blocked, id=10476, stack(0x000000001cfc0000,0x000000001d0c0000)]
  0x000000001a5be000 JavaThread "Cancel handler" [_thread_blocked, id=2708, stack(0x000000001cec0000,0x000000001cfc0000)]
  0x000000001a5c1800 JavaThread "Handler for socket connection from /127.0.0.1:60022 to /127.0.0.1:61477" [_thread_in_native, id=12384, stack(0x000000001ccc0000,0x000000001cdc0000)]
  0x000000001a5bc800 JavaThread "Daemon Thread 4" [_thread_blocked, id=7568, stack(0x000000001c8c0000,0x000000001c9c0000)]
  0x000000001a5c3000 JavaThread "RMI TCP Connection(20)-127.0.0.1" daemon [_thread_in_native, id=7460, stack(0x000000001c9c0000,0x000000001cac0000)]
  0x000000001bd76000 JavaThread "RMI Reaper" [_thread_blocked, id=3620, stack(0x0000000028c10000,0x0000000028d10000)]
  0x000000001bd75800 JavaThread "RMI TCP Accept-0" daemon [_thread_in_native, id=1356, stack(0x0000000028b10000,0x0000000028c10000)]
  0x000000001bd73000 JavaThread "GC Daemon" daemon [_thread_blocked, id=8696, stack(0x0000000028a10000,0x0000000028b10000)]
  0x000000001bd6e800 JavaThread "RMI Scheduler(0)" daemon [_thread_blocked, id=1260, stack(0x0000000028810000,0x0000000028910000)]
  0x000000001a5bb800 JavaThread "Cache worker for file content cache (C:\Users\agraw\.gradle\caches\5.6.4\fileContent)" [_thread_blocked, id=9464, stack(0x0000000024d40000,0x0000000024e40000)]
  0x000000001a5c1000 JavaThread "Memory manager" [_thread_blocked, id=14040, stack(0x0000000024220000,0x0000000024320000)]
  0x000000001bb80000 JavaThread "Cache worker for execution history cache (C:\Users\agraw\.gradle\caches\5.6.4\executionHistory)" [_thread_blocked, id=5780, stack(0x00000000219a0000,0x0000000021aa0000)]
  0x000000001b74e000 JavaThread "Cache worker for journal cache (C:\Users\agraw\.gradle\caches\journal-1)" [_thread_blocked, id=14092, stack(0x000000001d6c0000,0x000000001d7c0000)]
  0x000000001b747000 JavaThread "File lock request listener" [_thread_in_native, id=1160, stack(0x000000001d5c0000,0x000000001d6c0000)]
  0x000000001b74b800 JavaThread "Cache worker for file hash cache (C:\Users\agraw\.gradle\caches\5.6.4\fileHashes)" [_thread_blocked, id=5076, stack(0x000000001d4c0000,0x000000001d5c0000)]
  0x000000001b41d800 JavaThread "Daemon periodic checks" [_thread_blocked, id=14420, stack(0x000000001c7c0000,0x000000001c8c0000)]
  0x000000001b377000 JavaThread "Incoming local TCP Connector on port 60022" [_thread_in_native, id=2616, stack(0x000000001c580000,0x000000001c680000)]
  0x000000001b305000 JavaThread "Daemon health stats" [_thread_blocked, id=6012, stack(0x000000001bf40000,0x000000001c040000)]
  0x0000000017ce0000 JavaThread "Service Thread" daemon [_thread_blocked, id=7372, stack(0x00000000195a0000,0x00000000196a0000)]
  0x0000000017c50000 JavaThread "C1 CompilerThread3" daemon [_thread_in_vm, id=1584, stack(0x00000000194a0000,0x00000000195a0000)]
  0x0000000017c4b800 JavaThread "C2 CompilerThread2" daemon [_thread_in_native, id=13268, stack(0x00000000193a0000,0x00000000194a0000)]
=>0x0000000017c46800 JavaThread "C2 CompilerThread1" daemon [_thread_in_native, id=14344, stack(0x00000000192a0000,0x00000000193a0000)]
  0x0000000017c40800 JavaThread "C2 CompilerThread0" daemon [_thread_in_native, id=16020, stack(0x00000000191a0000,0x00000000192a0000)]
  0x0000000017c3a800 JavaThread "Attach Listener" daemon [_thread_blocked, id=12556, stack(0x00000000190a0000,0x00000000191a0000)]
  0x0000000017c39800 JavaThread "Signal Dispatcher" daemon [_thread_blocked, id=15824, stack(0x0000000018fa0000,0x00000000190a0000)]
  0x0000000016562800 JavaThread "Finalizer" daemon [_thread_blocked, id=10368, stack(0x0000000018ea0000,0x0000000018fa0000)]
  0x0000000017c33000 JavaThread "Reference Handler" daemon [_thread_blocked, id=14328, stack(0x0000000018da0000,0x0000000018ea0000)]
  0x00000000022de800 JavaThread "main" [_thread_blocked, id=9528, stack(0x00000000022e0000,0x00000000023e0000)]

Other Threads:
  0x0000000016556800 VMThread [stack: 0x0000000018ca0000,0x0000000018da0000] [id=4664]
  0x0000000017c63800 WatcherThread [stack: 0x00000000196a0000,0x00000000197a0000] [id=12368]

VM state:not at safepoint (normal execution)

VM Mutex/Monitor currently owned by a thread:  ([mutex/lock_event])
[0x00000000024a0dd0] Compile_lock - owner thread: 0x0000000017c50000

heap address: 0x00000000a0000000, size: 1536 MB, Compressed Oops mode: 32-bit
Narrow klass base: 0x0000000000000000, Narrow klass shift: 3
Compressed class space size: 1073741824 Address: 0x0000000100000000

Heap:
 PSYoungGen      total 317952K, used 153379K [0x00000000e0000000, 0x00000000f6080000, 0x0000000100000000)
  eden space 280064K, 54% used [0x00000000e0000000,0x00000000e95c8dd8,0x00000000f1180000)
  from space 37888K, 0% used [0x00000000f1680000,0x00000000f1680000,0x00000000f3b80000)
  to   space 27136K, 0% used [0x00000000f4600000,0x00000000f4600000,0x00000000f6080000)
 ParOldGen       total 91136K, used 87926K [0x00000000a0000000, 0x00000000a5900000, 0x00000000e0000000)
  object space 91136K, 96% used [0x00000000a0000000,0x00000000a55ddb70,0x00000000a5900000)
 Metaspace       used 103017K, capacity 108140K, committed 109568K, reserved 1144832K
  class space    used 13529K, capacity 14524K, committed 14848K, reserved 1048576K

Card table byte_map: [0x0000000011960000,0x0000000011c70000] byte_map_base: 0x0000000011460000

Marking Bits: (ParMarkBitMap*) 0x0000000055129f30
 Begin Bits: [0x0000000012870000, 0x0000000014070000)
 End Bits:   [0x0000000014070000, 0x0000000015870000)

Polling page: 0x0000000002040000

CodeCache: size=245760Kb used=51706Kb max_used=51706Kb free=194053Kb
 bounds [0x00000000025a0000, 0x00000000058a0000, 0x00000000115a0000]
 total_blobs=16639 nmethods=15696 adapters=853
 compilation: enabled

Compilation events (10 events):
Event: 5365.877 Thread 0x0000000017c50000 18962       3       org.apache.commons.codec.binary.BaseNCodec::ensureBufferSize (32 bytes)
Event: 5365.878 Thread 0x0000000017c50000 nmethod 18962 0x00000000051d00d0 code [0x00000000051d0240, 0x00000000051d0468]
Event: 5365.936 Thread 0x0000000017c4b800 nmethod 18939 0x00000000051fb010 code [0x00000000051fb3c0, 0x00000000051fdec0]
Event: 5365.937 Thread 0x0000000017c50000 18963   !   3       sun.util.locale.provider.JRELocaleProviderAdapter::getCalendarProvider (56 bytes)
Event: 5365.937 Thread 0x0000000017c4b800 18915       4       com.android.tools.build.apkzlib.bytestorage.LruTracker$$Lambda$1160/1910387567::compare (12 bytes)
Event: 5365.939 Thread 0x0000000017c4b800 nmethod 18915 0x00000000051f97d0 code [0x00000000051f9920, 0x00000000051f99f8]
Event: 5365.939 Thread 0x0000000017c4b800 18934       4       com.android.tools.r8.graph.d0::collectIndexedItems (9 bytes)
Event: 5365.939 Thread 0x0000000017c50000 nmethod 18963 0x00000000051cf5d0 code [0x00000000051cf780, 0x00000000051cfe08]
Event: 5365.939 Thread 0x0000000017c50000 18964       3       java.util.Locale::getUnicodeLocaleType (54 bytes)
Event: 5365.941 Thread 0x0000000017c50000 nmethod 18964 0x00000000051f9c50 code [0x00000000051f9e80, 0x00000000051fab18]

GC Heap History (10 events):
Event: 5210.742 GC heap before
{Heap before GC invocations=20 (full 4):
 PSYoungGen      total 254464K, used 242176K [0x00000000e0000000, 0x00000000f1a80000, 0x0000000100000000)
  eden space 242176K, 100% used [0x00000000e0000000,0x00000000eec80000,0x00000000eec80000)
  from space 12288K, 0% used [0x00000000eec80000,0x00000000eec80000,0x00000000ef880000)
  to   space 23552K, 0% used [0x00000000f0380000,0x00000000f0380000,0x00000000f1a80000)
 ParOldGen       total 91136K, used 32530K [0x00000000a0000000, 0x00000000a5900000, 0x00000000e0000000)
  object space 91136K, 35% used [0x00000000a0000000,0x00000000a1fc4bc8,0x00000000a5900000)
 Metaspace       used 84059K, capacity 87592K, committed 89472K, reserved 1126400K
  class space    used 11308K, capacity 11984K, committed 12416K, reserved 1048576K
Event: 5211.462 GC heap after
Heap after GC invocations=20 (full 4):
 PSYoungGen      total 266752K, used 8675K [0x00000000e0000000, 0x00000000f3e80000, 0x0000000100000000)
  eden space 243200K, 0% used [0x00000000e0000000,0x00000000e0000000,0x00000000eed80000)
  from space 23552K, 36% used [0x00000000f0380000,0x00000000f0bf8fb8,0x00000000f1a80000)
  to   space 22528K, 0% used [0x00000000eed80000,0x00000000eed80000,0x00000000f0380000)
 ParOldGen       total 91136K, used 32538K [0x00000000a0000000, 0x00000000a5900000, 0x00000000e0000000)
  object space 91136K, 35% used [0x00000000a0000000,0x00000000a1fc6bc8,0x00000000a5900000)
 Metaspace       used 84059K, capacity 87592K, committed 89472K, reserved 1126400K
  class space    used 11308K, capacity 11984K, committed 12416K, reserved 1048576K
}
Event: 5222.950 GC heap before
{Heap before GC invocations=21 (full 4):
 PSYoungGen      total 266752K, used 251875K [0x00000000e0000000, 0x00000000f3e80000, 0x0000000100000000)
  eden space 243200K, 100% used [0x00000000e0000000,0x00000000eed80000,0x00000000eed80000)
  from space 23552K, 36% used [0x00000000f0380000,0x00000000f0bf8fb8,0x00000000f1a80000)
  to   space 22528K, 0% used [0x00000000eed80000,0x00000000eed80000,0x00000000f0380000)
 ParOldGen       total 91136K, used 32538K [0x00000000a0000000, 0x00000000a5900000, 0x00000000e0000000)
  object space 91136K, 35% used [0x00000000a0000000,0x00000000a1fc6bc8,0x00000000a5900000)
 Metaspace       used 91782K, capacity 96506K, committed 97152K, reserved 1132544K
  class space    used 12281K, capacity 13196K, committed 13440K, reserved 1048576K
Event: 5223.697 GC heap after
Heap after GC invocations=21 (full 4):
 PSYoungGen      total 265728K, used 22516K [0x00000000e0000000, 0x00000000f6080000, 0x0000000100000000)
  eden space 243200K, 0% used [0x00000000e0000000,0x00000000e0000000,0x00000000eed80000)
  from space 22528K, 99% used [0x00000000eed80000,0x00000000f037d248,0x00000000f0380000)
  to   space 27136K, 0% used [0x00000000f4600000,0x00000000f4600000,0x00000000f6080000)
 ParOldGen       total 91136K, used 35898K [0x00000000a0000000, 0x00000000a5900000, 0x00000000e0000000)
  object space 91136K, 39% used [0x00000000a0000000,0x00000000a230eab0,0x00000000a5900000)
 Metaspace       used 91782K, capacity 96506K, committed 97152K, reserved 1132544K
  class space    used 12281K, capacity 13196K, committed 13440K, reserved 1048576K
}
Event: 5321.356 GC heap before
{Heap before GC invocations=22 (full 4):
 PSYoungGen      total 265728K, used 265716K [0x00000000e0000000, 0x00000000f6080000, 0x0000000100000000)
  eden space 243200K, 100% used [0x00000000e0000000,0x00000000eed80000,0x00000000eed80000)
  from space 22528K, 99% used [0x00000000eed80000,0x00000000f037d248,0x00000000f0380000)
  to   space 27136K, 0% used [0x00000000f4600000,0x00000000f4600000,0x00000000f6080000)
 ParOldGen       total 91136K, used 35898K [0x00000000a0000000, 0x00000000a5900000, 0x00000000e0000000)
  object space 91136K, 39% used [0x00000000a0000000,0x00000000a230eab0,0x00000000a5900000)
 Metaspace       used 95351K, capacity 100870K, committed 101120K, reserved 1136640K
  class space    used 12684K, capacity 13743K, committed 13824K, reserved 1048576K
Event: 5321.728 GC heap after
Heap after GC invocations=22 (full 4):
 PSYoungGen      total 307200K, used 27111K [0x00000000e0000000, 0x00000000f6080000, 0x0000000100000000)
  eden space 280064K, 0% used [0x00000000e0000000,0x00000000e0000000,0x00000000f1180000)
  from space 27136K, 99% used [0x00000000f4600000,0x00000000f6079ff0,0x00000000f6080000)
  to   space 37888K, 0% used [0x00000000f1680000,0x00000000f1680000,0x00000000f3b80000)
 ParOldGen       total 91136K, used 53486K [0x00000000a0000000, 0x00000000a5900000, 0x00000000e0000000)
  object space 91136K, 58% used [0x00000000a0000000,0x00000000a343b818,0x00000000a5900000)
 Metaspace       used 95351K, capacity 100870K, committed 101120K, reserved 1136640K
  class space    used 12684K, capacity 13743K, committed 13824K, reserved 1048576K
}
Event: 5359.905 GC heap before
{Heap before GC invocations=23 (full 4):
 PSYoungGen      total 307200K, used 307175K [0x00000000e0000000, 0x00000000f6080000, 0x0000000100000000)
  eden space 280064K, 100% used [0x00000000e0000000,0x00000000f1180000,0x00000000f1180000)
  from space 27136K, 99% used [0x00000000f4600000,0x00000000f6079ff0,0x00000000f6080000)
  to   space 37888K, 0% used [0x00000000f1680000,0x00000000f1680000,0x00000000f3b80000)
 ParOldGen       total 91136K, used 53486K [0x00000000a0000000, 0x00000000a5900000, 0x00000000e0000000)
  object space 91136K, 58% used [0x00000000a0000000,0x00000000a343b818,0x00000000a5900000)
 Metaspace       used 103333K, capacity 109266K, committed 109568K, reserved 1144832K
  class space    used 13637K, capacity 14762K, committed 14848K, reserved 1048576K
Event: 5360.604 GC heap after
Heap after GC invocations=23 (full 4):
 PSYoungGen      total 317952K, used 37886K [0x00000000e0000000, 0x00000000f6080000, 0x0000000100000000)
  eden space 280064K, 0% used [0x00000000e0000000,0x00000000e0000000,0x00000000f1180000)
  from space 37888K, 99% used [0x00000000f1680000,0x00000000f3b7fb58,0x00000000f3b80000)
  to   space 27136K, 0% used [0x00000000f4600000,0x00000000f4600000,0x00000000f6080000)
 ParOldGen       total 91136K, used 79958K [0x00000000a0000000, 0x00000000a5900000, 0x00000000e0000000)
  object space 91136K, 87% used [0x00000000a0000000,0x00000000a4e159e8,0x00000000a5900000)
 Metaspace       used 103333K, capacity 109266K, committed 109568K, reserved 1144832K
  class space    used 13637K, capacity 14762K, committed 14848K, reserved 1048576K
}
Event: 5360.609 GC heap before
{Heap before GC invocations=24 (full 5):
 PSYoungGen      total 317952K, used 37886K [0x00000000e0000000, 0x00000000f6080000, 0x0000000100000000)
  eden space 280064K, 0% used [0x00000000e0000000,0x00000000e0000000,0x00000000f1180000)
  from space 37888K, 99% used [0x00000000f1680000,0x00000000f3b7fb58,0x00000000f3b80000)
  to   space 27136K, 0% used [0x00000000f4600000,0x00000000f4600000,0x00000000f6080000)
 ParOldGen       total 91136K, used 79958K [0x00000000a0000000, 0x00000000a5900000, 0x00000000e0000000)
  object space 91136K, 87% used [0x00000000a0000000,0x00000000a4e159e8,0x00000000a5900000)
 Metaspace       used 103333K, capacity 109266K, committed 109568K, reserved 1144832K
  class space    used 13637K, capacity 14762K, committed 14848K, reserved 1048576K
Event: 5364.247 GC heap after
Heap after GC invocations=24 (full 5):
 PSYoungGen      total 317952K, used 0K [0x00000000e0000000, 0x00000000f6080000, 0x0000000100000000)
  eden space 280064K, 0% used [0x00000000e0000000,0x00000000e0000000,0x00000000f1180000)
  from space 37888K, 0% used [0x00000000f1680000,0x00000000f1680000,0x00000000f3b80000)
  to   space 27136K, 0% used [0x00000000f4600000,0x00000000f4600000,0x00000000f6080000)
 ParOldGen       total 91136K, used 87926K [0x00000000a0000000, 0x00000000a5900000, 0x00000000e0000000)
  object space 91136K, 96% used [0x00000000a0000000,0x00000000a55ddb70,0x00000000a5900000)
 Metaspace       used 102529K, capacity 107640K, committed 109568K, reserved 1144832K
  class space    used 13486K, capacity 14478K, committed 14848K, reserved 1048576K
}

Deoptimization events (10 events):
Event: 5365.413 Thread 0x000000001f30a800 Uncommon trap: reason=uninitialized action=reinterpret pc=0x000000000583a354 method=com.android.tools.r8.graph.DexValue.a(Lcom/android/tools/r8/graph/e0;)Lcom/android/tools/r8/graph/DexValue; @ 135
Event: 5365.571 Thread 0x000000001f309800 Uncommon trap: reason=bimorphic action=maybe_recompile pc=0x00000000045ead54 method=java.security.MessageDigest$Delegate.clone()Ljava/lang/Object; @ 14
Event: 5365.573 Thread 0x000000001f309800 Uncommon trap: reason=bimorphic action=maybe_recompile pc=0x00000000045ead54 method=java.security.MessageDigest$Delegate.clone()Ljava/lang/Object; @ 14
Event: 5365.630 Thread 0x000000001f30a800 Uncommon trap: reason=uninitialized action=reinterpret pc=0x0000000003729bd8 method=com.android.tools.r8.graph.DexValue.a(Lcom/android/tools/r8/graph/e0;)Lcom/android/tools/r8/graph/DexValue; @ 127
Event: 5365.742 Thread 0x000000001f309800 Uncommon trap: reason=class_check action=maybe_recompile pc=0x0000000004870050 method=java.lang.StringCoding.decode(Ljava/nio/charset/Charset;[BII)[C @ 1
Event: 5365.749 Thread 0x000000001f309800 Uncommon trap: reason=bimorphic action=maybe_recompile pc=0x00000000045ead54 method=java.security.MessageDigest$Delegate.clone()Ljava/lang/Object; @ 14
Event: 5365.749 Thread 0x000000001f309800 Uncommon trap: reason=class_check action=maybe_recompile pc=0x0000000004870050 method=java.lang.StringCoding.decode(Ljava/nio/charset/Charset;[BII)[C @ 1
Event: 5365.752 Thread 0x000000001f309800 Uncommon trap: reason=bimorphic action=maybe_recompile pc=0x00000000045ead54 method=java.security.MessageDigest$Delegate.clone()Ljava/lang/Object; @ 14
Event: 5365.752 Thread 0x000000001f309800 Uncommon trap: reason=class_check action=maybe_recompile pc=0x0000000004870050 method=java.lang.StringCoding.decode(Ljava/nio/charset/Charset;[BII)[C @ 1
Event: 5365.760 Thread 0x000000001f309800 Uncommon trap: reason=class_check action=maybe_recompile pc=0x0000000004870050 method=java.lang.StringCoding.decode(Ljava/nio/charset/Charset;[BII)[C @ 1

Classes redefined (0 events):
No events

Internal exceptions (10 events):
Event: 5356.476 Thread 0x000000001f303000 Exception <a 'sun/nio/fs/WindowsException'> (0x00000000ea0c31b0) thrown at [D:\src\AOSP-openjdk-cygwin\jdk8u\hotspot\src\share\vm\prims\jni.cpp, line 710]
Event: 5356.734 Thread 0x000000001f309800 Exception <a 'sun/nio/fs/WindowsException'> (0x00000000eb73e738) thrown at [D:\src\AOSP-openjdk-cygwin\jdk8u\hotspot\src\share\vm\prims\jni.cpp, line 710]
Event: 5356.745 Thread 0x000000001f309800 Exception <a 'sun/nio/fs/WindowsException'> (0x00000000eb8ef358) thrown at [D:\src\AOSP-openjdk-cygwin\jdk8u\hotspot\src\share\vm\prims\jni.cpp, line 710]
Event: 5356.758 Thread 0x000000001f309800 Exception <a 'sun/nio/fs/WindowsException'> (0x00000000eb8f8ed0) thrown at [D:\src\AOSP-openjdk-cygwin\jdk8u\hotspot\src\share\vm\prims\jni.cpp, line 710]
Event: 5357.651 Thread 0x000000001bb83000 Exception <a 'java/lang/NoSuchMethodError': <clinit>> (0x00000000eccae640) thrown at [D:\src\AOSP-openjdk-cygwin\jdk8u\hotspot\src\share\vm\prims\jni.cpp, line 1614]
Event: 5358.626 Thread 0x000000001bd77000 Exception <a 'sun/nio/fs/WindowsException'> (0x00000000ed8c5618) thrown at [D:\src\AOSP-openjdk-cygwin\jdk8u\hotspot\src\share\vm\prims\jni.cpp, line 710]
Event: 5358.927 Thread 0x000000001f30a800 Exception <a 'sun/nio/fs/WindowsException'> (0x00000000ee064960) thrown at [D:\src\AOSP-openjdk-cygwin\jdk8u\hotspot\src\share\vm\prims\jni.cpp, line 710]
Event: 5359.564 Thread 0x000000001dd77800 Exception <a 'sun/nio/fs/WindowsException'> (0x00000000ef6fbfb8) thrown at [D:\src\AOSP-openjdk-cygwin\jdk8u\hotspot\src\share\vm\prims\jni.cpp, line 710]
Event: 5364.390 Thread 0x000000001bd6f800 Implicit null exception at 0x00000000052a4f2a to 0x00000000052a4f79
Event: 5364.390 Thread 0x000000001bd6f800 Implicit null exception at 0x00000000027cbd70 to 0x00000000027cbd80

Events (10 events):
Event: 5365.750 Thread 0x000000001f309800 DEOPT UNPACKING pc=0x00000000025e557b sp=0x000000002b00e210 mode 2
Event: 5365.752 Thread 0x000000001f309800 Uncommon trap: trap_request=0xffffffc6 fr.pc=0x00000000045ead54
Event: 5365.752 Thread 0x000000001f309800 DEOPT PACKING pc=0x00000000045ead54 sp=0x000000002b00e290
Event: 5365.752 Thread 0x000000001f309800 DEOPT UNPACKING pc=0x00000000025e557b sp=0x000000002b00e268 mode 2
Event: 5365.752 Thread 0x000000001f309800 Uncommon trap: trap_request=0xffffffde fr.pc=0x0000000004870050
Event: 5365.752 Thread 0x000000001f309800 DEOPT PACKING pc=0x0000000004870050 sp=0x000000002b00e350
Event: 5365.752 Thread 0x000000001f309800 DEOPT UNPACKING pc=0x00000000025e557b sp=0x000000002b00e210 mode 2
Event: 5365.760 Thread 0x000000001f309800 Uncommon trap: trap_request=0xffffffde fr.pc=0x0000000004870050
Event: 5365.760 Thread 0x000000001f309800 DEOPT PACKING pc=0x0000000004870050 sp=0x000000002b00e350
Event: 5365.760 Thread 0x000000001f309800 DEOPT UNPACKING pc=0x00000000025e557b sp=0x000000002b00e210 mode 2


Dynamic libraries:
0x00007ff67bea0000 - 0x00007ff67bed1000 	C:\Program Files\Android\Android Studio\jre\bin\java.exe
0x00007ffba61d0000 - 0x00007ffba63c5000 	C:\WINDOWS\SYSTEM32\ntdll.dll
0x00007ffba4de0000 - 0x00007ffba4e9e000 	C:\WINDOWS\System32\KERNEL32.DLL
0x00007ffba3a60000 - 0x00007ffba3d28000 	C:\WINDOWS\System32\KERNELBASE.dll
0x00007ffba4230000 - 0x00007ffba42de000 	C:\WINDOWS\System32\ADVAPI32.dll
0x00007ffba5f70000 - 0x00007ffba600e000 	C:\WINDOWS\System32\msvcrt.dll
0x00007ffba45b0000 - 0x00007ffba464c000 	C:\WINDOWS\System32\sechost.dll
0x00007ffba42e0000 - 0x00007ffba4405000 	C:\WINDOWS\System32\RPCRT4.dll
0x00007ffba4410000 - 0x00007ffba45b0000 	C:\WINDOWS\System32\USER32.dll
0x00007ffba40a0000 - 0x00007ffba40c2000 	C:\WINDOWS\System32\win32u.dll
0x00007ffba5ed0000 - 0x00007ffba5efa000 	C:\WINDOWS\System32\GDI32.dll
0x00007ffba4120000 - 0x00007ffba422b000 	C:\WINDOWS\System32\gdi32full.dll
0x00007ffba3d30000 - 0x00007ffba3dcd000 	C:\WINDOWS\System32\msvcp_win.dll
0x00007ffba3f30000 - 0x00007ffba4030000 	C:\WINDOWS\System32\ucrtbase.dll
0x00007ffb8ce90000 - 0x00007ffb8d12a000 	C:\WINDOWS\WinSxS\amd64_microsoft.windows.common-controls_6595b64144ccf1df_6.0.19041.1110_none_60b5254171f9507e\COMCTL32.dll
0x00007ffba5840000 - 0x00007ffba5870000 	C:\WINDOWS\System32\IMM32.DLL
0x00007ffb83ba0000 - 0x00007ffb83cb8000 	C:\Program Files (x86)\Citrix\ICA Client\epclient64.dll
0x00007ffb9afe0000 - 0x00007ffb9afea000 	C:\WINDOWS\SYSTEM32\VERSION.dll
0x00007ffba25c0000 - 0x00007ffba25f3000 	C:\WINDOWS\SYSTEM32\ntmarta.dll
0x00000000547a0000 - 0x0000000054872000 	C:\Program Files\Android\Android Studio\jre\jre\bin\msvcr100.dll
0x0000000054960000 - 0x00000000551a6000 	C:\Program Files\Android\Android Studio\jre\jre\bin\server\jvm.dll
0x00007ffba6110000 - 0x00007ffba6118000 	C:\WINDOWS\System32\PSAPI.DLL
0x00007ffb921d0000 - 0x00007ffb921d9000 	C:\WINDOWS\SYSTEM32\WSOCK32.dll
0x00007ffba5f00000 - 0x00007ffba5f6b000 	C:\WINDOWS\System32\WS2_32.dll
0x00007ffb9bad0000 - 0x00007ffb9baf7000 	C:\WINDOWS\SYSTEM32\WINMM.dll
0x00007ffb92a00000 - 0x00007ffb92a0f000 	C:\Program Files\Android\Android Studio\jre\jre\bin\verify.dll
0x00007ffb73f50000 - 0x00007ffb73f79000 	C:\Program Files\Android\Android Studio\jre\jre\bin\java.dll
0x00007ffb8f270000 - 0x00007ffb8f286000 	C:\Program Files\Android\Android Studio\jre\jre\bin\zip.dll
0x00007ffba4eb0000 - 0x00007ffba55f4000 	C:\WINDOWS\System32\SHELL32.dll
0x00007ffba18d0000 - 0x00007ffba2064000 	C:\WINDOWS\SYSTEM32\windows.storage.dll
0x00007ffba5a50000 - 0x00007ffba5da4000 	C:\WINDOWS\System32\combase.dll
0x00007ffba3360000 - 0x00007ffba338c000 	C:\WINDOWS\SYSTEM32\Wldp.dll
0x0000000002210000 - 0x00000000022bd000 	C:\WINDOWS\System32\SHCORE.dll
0x00007ffba6130000 - 0x00007ffba6185000 	C:\WINDOWS\System32\shlwapi.dll
0x00007ffba3830000 - 0x00007ffba384f000 	C:\WINDOWS\SYSTEM32\profapi.dll
0x00007ffb85b00000 - 0x00007ffb85b1a000 	C:\Program Files\Android\Android Studio\jre\jre\bin\net.dll
0x00007ffb937f0000 - 0x00007ffb939dc000 	C:\WINDOWS\SYSTEM32\urlmon.dll
0x00007ffb95830000 - 0x00007ffb95ae1000 	C:\WINDOWS\SYSTEM32\iertutil.dll
0x00007ffb937c0000 - 0x00007ffb937e8000 	C:\WINDOWS\SYSTEM32\srvcli.dll
0x00007ffba2e50000 - 0x00007ffba2e5c000 	C:\WINDOWS\SYSTEM32\netutils.dll
0x00007ffba30a0000 - 0x00007ffba310a000 	C:\WINDOWS\system32\mswsock.dll
0x00007ffb83f40000 - 0x00007ffb83f53000 	C:\Program Files\Android\Android Studio\jre\jre\bin\nio.dll
0x00007ffb73300000 - 0x00007ffb73326000 	C:\Users\agraw\.gradle\native\30\windows-amd64\native-platform.dll
0x00007ffb92220000 - 0x00007ffb9222d000 	C:\Program Files\Android\Android Studio\jre\jre\bin\management.dll
0x00007ffba32b0000 - 0x00007ffba32c8000 	C:\WINDOWS\SYSTEM32\CRYPTSP.dll
0x00007ffba2990000 - 0x00007ffba29c4000 	C:\WINDOWS\system32\rsaenh.dll
0x00007ffba38f0000 - 0x00007ffba3917000 	C:\WINDOWS\System32\bcrypt.dll
0x00007ffba37b0000 - 0x00007ffba37de000 	C:\WINDOWS\SYSTEM32\USERENV.dll
0x00007ffba3920000 - 0x00007ffba39a2000 	C:\WINDOWS\System32\bcryptprimitives.dll
0x00007ffba32d0000 - 0x00007ffba32dc000 	C:\WINDOWS\SYSTEM32\CRYPTBASE.dll
0x00007ffba2d30000 - 0x00007ffba2d6b000 	C:\WINDOWS\SYSTEM32\IPHLPAPI.DLL
0x00007ffba6120000 - 0x00007ffba6128000 	C:\WINDOWS\System32\NSI.dll
0x00007ffb9a180000 - 0x00007ffb9a197000 	C:\WINDOWS\SYSTEM32\dhcpcsvc6.DLL
0x00007ffb9a140000 - 0x00007ffb9a15d000 	C:\WINDOWS\SYSTEM32\dhcpcsvc.DLL
0x00007ffba2d80000 - 0x00007ffba2e4b000 	C:\WINDOWS\SYSTEM32\DNSAPI.dll
0x00007ffb732e0000 - 0x00007ffb732fe000 	C:\Users\agraw\AppData\Local\Temp\native-platform4809654520847583468dir\native-platform.dll
0x00007ffb9ce30000 - 0x00007ffb9cec0000 	C:\WINDOWS\system32\apphelp.dll

VM Arguments:
jvm_args: -Xmx1536m -Dfile.encoding=windows-1252 -Duser.country=US -Duser.language=en -Duser.variant 
java_command: org.gradle.launcher.daemon.bootstrap.GradleDaemon 5.6.4
java_class_path (initial): C:\Users\agraw\.gradle\wrapper\dists\gradle-5.6.4-all\ankdp27end7byghfw1q2sw75f\gradle-5.6.4\lib\gradle-launcher-5.6.4.jar
Launcher Type: SUN_STANDARD

Environment Variables:
JAVA_HOME=C:\Program Files\Java\jdk-14.0.1
PATH=C:\Program Files (x86)\Razer\ChromaBroadcast\bin;C:\Program Files\Razer\ChromaBroadcast\bin;C:\Windows\system32;C:\Windows;C:\Windows\System32\Wbem;C:\Windows\System32\WindowsPowerShell\v1.0\;C:\Windows\System32\OpenSSH\;C:\Program Files (x86)\NVIDIA Corporation\PhysX\Common;C:\Windows\system32\config\systemprofile\AppData\Local\Microsoft\WindowsApps;C:\Program Files\NVIDIA Corporation\NVIDIA NvDLISR;C:\Go\bin;C:\Program Files\NVIDIA Corporation\Nsight Compute 2020.2.0\;C:\WINDOWS\system32;C:\WINDOWS;C:\WINDOWS\System32\Wbem;C:\WINDOWS\System32\WindowsPowerShell\v1.0\;C:\WINDOWS\System32\OpenSSH\;C:\Program Files\Git\cmd;C:\Program Files\nodejs\;C:\src\flutter\flutter\bin;C:\Users\agraw\AppData\Local\Programs\Microsoft VS Code\bin;C:\Program Files\Java\jdk-14.0.1\bin;C:\Users\agraw\go\bin;C:\MinGW\bin;C:\Users\agraw\AppData\Local\Microsoft\WindowsApps;C:\Users\agraw\AppData\Local\atom\bin;C:\Users\agraw\AppData\Roaming\npm
USERNAME=agraw
OS=Windows_NT
PROCESSOR_IDENTIFIER=Intel64 Family 6 Model 158 Stepping 10, GenuineIntel



---------------  S Y S T E M  ---------------

OS: Windows 10.0 , 64 bit Build 19041 (10.0.19041.1645)

CPU:total 12 (initial active 12) (6 cores per cpu, 2 threads per core) family 6 model 158 stepping 10, cmov, cx8, fxsr, mmx, sse, sse2, sse3, ssse3, sse4.1, sse4.2, popcnt, avx, avx2, aes, clmul, erms, 3dnowpref, lzcnt, ht, tsc, tscinvbit, bmi1, bmi2, adx

Memory: 4k page, physical 3938896k(98892k free), swap 15997520k(1736k free)

vm_info: OpenJDK 64-Bit Server VM (25.212-b04) for windows-amd64 JRE (1.8.0_212-release-1586-b04), built by "builder" with MS VC++ 10.0 (VS2010)

time: Thu Apr 14 17:16:48 2022
timezone: Central Daylight Time
elapsed time: 5365 seconds (0d 1h 29m 25s)

